-----TI-REX started at Wed Apr 22 2026 19:51:51 GMT+0800 (中国标准时间)
Wed, 22 Apr 2026 11:51:52 GMT connect deprecated methodOverride: use method-override npm module instead at app.js:647:21
5.0",
        "family": "IPv4",
        "mac": "00:50:56:c0:00:01",
        "internal": false
    }
]
2026-04-22T11:51:51.343Z INFO DAEMON dinfra - [
    "multiple candidate address ignored",
    "WLAN",
    {
        "address": "192.168.147.1",
        "netmask": "255.255.255.0",
        "family": "IPv4",
        "mac": "00:50:56:c0:00:01",
        "internal": false
    }
]
removing old log file tirex-2026-01-26.log
-----TI-REX started at Wed Apr 22 2026 19:51:51 GMT+0800 (中国标准时间)
TIREX server listening on port 55432
About to exit with code:  0
