
**** Build of configuration Debug for project long_range_people_det_6843_mss ****

"D:\\AppGallery\\subject\\ccs\\ccs\\utils\\bin\\gmake" -k -j 16 all -O 
 
Building file: "../mmw_mss.cfg"
Invoking: XDCtools
"D:/AppGallery/subject/MMWAVE-SDK/xdctools_3_50_08_24_core/xs" --xdcpath="D:/AppGallery/subject/MMWAVE-SDK/bios_6_73_01_01/packages;" xdc.tools.configuro -o configPkg -t ti.targets.arm.elf.R4Ft -p ti.platforms.cortexR:IWR68XX:false:200 -r release -c "D:/AppGallery/subject/ccs/ccs/tools/compiler/ti-cgt-arm_20.2.7.LTS" --compileOptions "--enum_type=int " "../mmw_mss.cfg"
making package.mak (because of package.bld) ...
generating interfaces for package configPkg (because package/package.xdc.inc is older than package.xdc) ...
configuring mmw_mss.xer4ft from package/cfg/mmw_mss_per4ft.cfg ...
generating custom ti.sysbios library makefile ... 
Starting build of library sources ...
making E:/embedded/ccs_project/work3/long_range_people_det_6843_mss/src/sysbios/sysbios.aer4ft ...
gmake[1]: Entering directory `E:/embedded/ccs_project/work3/long_range_people_det_6843_mss/src/sysbios'
gmake[1]: Nothing to be done for `all'.
gmake[1]: Leaving directory `E:/embedded/ccs_project/work3/long_range_people_det_6843_mss/src/sysbios'
Build of libraries done.
cler4ft package/cfg/mmw_mss_per4ft.c ...
Finished building: "../mmw_mss.cfg"
 
Building file: "../mmwdemo_adcconfig.c"
Invoking: Arm Compiler
"D:/AppGallery/subject/ccs/ccs/tools/compiler/ti-cgt-arm_20.2.7.LTS/bin/armcl" -mv7R4 --code_state=16 --float_support=VFPv3D16 -me -O3 --include_path="E:/embedded/ccs_project/work3/long_range_people_det_6843_mss" --include_path="D:/AppGallery/subject/MMWAVE-SDK/mmwave_sdk_03_06_02_00-LTS/packages" --include_path="D:/AppGallery/subject/ccs/radar_toolbox_4_00_00_05/source/ti/custom_sdk_files/sdk3" --include_path="D:/AppGallery/subject/ccs/radar_toolbox_4_00_00_05" --include_path="D:/AppGallery/subject/ccs/ccs/tools/compiler/ti-cgt-arm_20.2.7.LTS/include" --define=SOC_XWR68XX --define=SUBSYS_MSS --define=USE_TRACPROC_OVERHEAD_DPU --define=MMWAVE_L3RAM_NUM_BANK=6 --define=MMWAVE_SHMEM_TCMA_NUM_BANK=0 --define=MMWAVE_SHMEM_TCMB_NUM_BANK=0 --define=MMWAVE_SHMEM_BANK_SIZE=0x20000 --define=MMWAVE_L3_CODEMEM_SIZE=0x100 --define=DOWNLOAD_FROM_CCS --define=DebugP_ASSERT_ENABLED --define=_LITTLE_ENDIAN --define=OBJDET_NO_RANGE --define=GTRACK_3D --define=APP_RESOURCE_FILE='<'mmw_res.h'>' -g --diag_warning=225 --diag_wrap=off --display_error_number --gen_func_subsections=on --enum_type=int --abi=eabi --obj_extension=.oer4f --preproc_with_compile --preproc_dependency="mmwdemo_adcconfig.d_raw" --cmd_file="configPkg/compiler.opt"  "../mmwdemo_adcconfig.c"
Finished building: "../mmwdemo_adcconfig.c"
 
Building file: "../mmwdemo_monitor.c"
Invoking: Arm Compiler
"D:/AppGallery/subject/ccs/ccs/tools/compiler/ti-cgt-arm_20.2.7.LTS/bin/armcl" -mv7R4 --code_state=16 --float_support=VFPv3D16 -me -O3 --include_path="E:/embedded/ccs_project/work3/long_range_people_det_6843_mss" --include_path="D:/AppGallery/subject/MMWAVE-SDK/mmwave_sdk_03_06_02_00-LTS/packages" --include_path="D:/AppGallery/subject/ccs/radar_toolbox_4_00_00_05/source/ti/custom_sdk_files/sdk3" --include_path="D:/AppGallery/subject/ccs/radar_toolbox_4_00_00_05" --include_path="D:/AppGallery/subject/ccs/ccs/tools/compiler/ti-cgt-arm_20.2.7.LTS/include" --define=SOC_XWR68XX --define=SUBSYS_MSS --define=USE_TRACPROC_OVERHEAD_DPU --define=MMWAVE_L3RAM_NUM_BANK=6 --define=MMWAVE_SHMEM_TCMA_NUM_BANK=0 --define=MMWAVE_SHMEM_TCMB_NUM_BANK=0 --define=MMWAVE_SHMEM_BANK_SIZE=0x20000 --define=MMWAVE_L3_CODEMEM_SIZE=0x100 --define=DOWNLOAD_FROM_CCS --define=DebugP_ASSERT_ENABLED --define=_LITTLE_ENDIAN --define=OBJDET_NO_RANGE --define=GTRACK_3D --define=APP_RESOURCE_FILE='<'mmw_res.h'>' -g --diag_warning=225 --diag_wrap=off --display_error_number --gen_func_subsections=on --enum_type=int --abi=eabi --obj_extension=.oer4f --preproc_with_compile --preproc_dependency="mmwdemo_monitor.d_raw" --cmd_file="configPkg/compiler.opt"  "../mmwdemo_monitor.c"
Finished building: "../mmwdemo_monitor.c"
 
Building file: "../mmwdemo_rfparser.c"
Invoking: Arm Compiler
"D:/AppGallery/subject/ccs/ccs/tools/compiler/ti-cgt-arm_20.2.7.LTS/bin/armcl" -mv7R4 --code_state=16 --float_support=VFPv3D16 -me -O3 --include_path="E:/embedded/ccs_project/work3/long_range_people_det_6843_mss" --include_path="D:/AppGallery/subject/MMWAVE-SDK/mmwave_sdk_03_06_02_00-LTS/packages" --include_path="D:/AppGallery/subject/ccs/radar_toolbox_4_00_00_05/source/ti/custom_sdk_files/sdk3" --include_path="D:/AppGallery/subject/ccs/radar_toolbox_4_00_00_05" --include_path="D:/AppGallery/subject/ccs/ccs/tools/compiler/ti-cgt-arm_20.2.7.LTS/include" --define=SOC_XWR68XX --define=SUBSYS_MSS --define=USE_TRACPROC_OVERHEAD_DPU --define=MMWAVE_L3RAM_NUM_BANK=6 --define=MMWAVE_SHMEM_TCMA_NUM_BANK=0 --define=MMWAVE_SHMEM_TCMB_NUM_BANK=0 --define=MMWAVE_SHMEM_BANK_SIZE=0x20000 --define=MMWAVE_L3_CODEMEM_SIZE=0x100 --define=DOWNLOAD_FROM_CCS --define=DebugP_ASSERT_ENABLED --define=_LITTLE_ENDIAN --define=OBJDET_NO_RANGE --define=GTRACK_3D --define=APP_RESOURCE_FILE='<'mmw_res.h'>' -g --diag_warning=225 --diag_wrap=off --display_error_number --gen_func_subsections=on --enum_type=int --abi=eabi --obj_extension=.oer4f --preproc_with_compile --preproc_dependency="mmwdemo_rfparser.d_raw" --cmd_file="configPkg/compiler.opt"  "../mmwdemo_rfparser.c"
Finished building: "../mmwdemo_rfparser.c"
 
Building file: "../mmw_lvds_stream.c"
Invoking: Arm Compiler
"D:/AppGallery/subject/ccs/ccs/tools/compiler/ti-cgt-arm_20.2.7.LTS/bin/armcl" -mv7R4 --code_state=16 --float_support=VFPv3D16 -me -O3 --include_path="E:/embedded/ccs_project/work3/long_range_people_det_6843_mss" --include_path="D:/AppGallery/subject/MMWAVE-SDK/mmwave_sdk_03_06_02_00-LTS/packages" --include_path="D:/AppGallery/subject/ccs/radar_toolbox_4_00_00_05/source/ti/custom_sdk_files/sdk3" --include_path="D:/AppGallery/subject/ccs/radar_toolbox_4_00_00_05" --include_path="D:/AppGallery/subject/ccs/ccs/tools/compiler/ti-cgt-arm_20.2.7.LTS/include" --define=SOC_XWR68XX --define=SUBSYS_MSS --define=USE_TRACPROC_OVERHEAD_DPU --define=MMWAVE_L3RAM_NUM_BANK=6 --define=MMWAVE_SHMEM_TCMA_NUM_BANK=0 --define=MMWAVE_SHMEM_TCMB_NUM_BANK=0 --define=MMWAVE_SHMEM_BANK_SIZE=0x20000 --define=MMWAVE_L3_CODEMEM_SIZE=0x100 --define=DOWNLOAD_FROM_CCS --define=DebugP_ASSERT_ENABLED --define=_LITTLE_ENDIAN --define=OBJDET_NO_RANGE --define=GTRACK_3D --define=APP_RESOURCE_FILE='<'mmw_res.h'>' -g --diag_warning=225 --diag_wrap=off --display_error_number --gen_func_subsections=on --enum_type=int --abi=eabi --obj_extension=.oer4f --preproc_with_compile --preproc_dependency="mmw_lvds_stream.d_raw" --cmd_file="configPkg/compiler.opt"  "../mmw_lvds_stream.c"
Finished building: "../mmw_lvds_stream.c"
 
Building file: "../mmw_cli.c"
Invoking: Arm Compiler
"D:/AppGallery/subject/ccs/ccs/tools/compiler/ti-cgt-arm_20.2.7.LTS/bin/armcl" -mv7R4 --code_state=16 --float_support=VFPv3D16 -me -O3 --include_path="E:/embedded/ccs_project/work3/long_range_people_det_6843_mss" --include_path="D:/AppGallery/subject/MMWAVE-SDK/mmwave_sdk_03_06_02_00-LTS/packages" --include_path="D:/AppGallery/subject/ccs/radar_toolbox_4_00_00_05/source/ti/custom_sdk_files/sdk3" --include_path="D:/AppGallery/subject/ccs/radar_toolbox_4_00_00_05" --include_path="D:/AppGallery/subject/ccs/ccs/tools/compiler/ti-cgt-arm_20.2.7.LTS/include" --define=SOC_XWR68XX --define=SUBSYS_MSS --define=USE_TRACPROC_OVERHEAD_DPU --define=MMWAVE_L3RAM_NUM_BANK=6 --define=MMWAVE_SHMEM_TCMA_NUM_BANK=0 --define=MMWAVE_SHMEM_TCMB_NUM_BANK=0 --define=MMWAVE_SHMEM_BANK_SIZE=0x20000 --define=MMWAVE_L3_CODEMEM_SIZE=0x100 --define=DOWNLOAD_FROM_CCS --define=DebugP_ASSERT_ENABLED --define=_LITTLE_ENDIAN --define=OBJDET_NO_RANGE --define=GTRACK_3D --define=APP_RESOURCE_FILE='<'mmw_res.h'>' -g --diag_warning=225 --diag_wrap=off --display_error_number --gen_func_subsections=on --enum_type=int --abi=eabi --obj_extension=.oer4f --preproc_with_compile --preproc_dependency="mmw_cli.d_raw" --cmd_file="configPkg/compiler.opt"  "../mmw_cli.c"
Finished building: "../mmw_cli.c"
 
Building file: "../objdetrangehwa.c"
Invoking: Arm Compiler
"D:/AppGallery/subject/ccs/ccs/tools/compiler/ti-cgt-arm_20.2.7.LTS/bin/armcl" -mv7R4 --code_state=16 --float_support=VFPv3D16 -me -O3 --include_path="E:/embedded/ccs_project/work3/long_range_people_det_6843_mss" --include_path="D:/AppGallery/subject/MMWAVE-SDK/mmwave_sdk_03_06_02_00-LTS/packages" --include_path="D:/AppGallery/subject/ccs/radar_toolbox_4_00_00_05/source/ti/custom_sdk_files/sdk3" --include_path="D:/AppGallery/subject/ccs/radar_toolbox_4_00_00_05" --include_path="D:/AppGallery/subject/ccs/ccs/tools/compiler/ti-cgt-arm_20.2.7.LTS/include" --define=SOC_XWR68XX --define=SUBSYS_MSS --define=USE_TRACPROC_OVERHEAD_DPU --define=MMWAVE_L3RAM_NUM_BANK=6 --define=MMWAVE_SHMEM_TCMA_NUM_BANK=0 --define=MMWAVE_SHMEM_TCMB_NUM_BANK=0 --define=MMWAVE_SHMEM_BANK_SIZE=0x20000 --define=MMWAVE_L3_CODEMEM_SIZE=0x100 --define=DOWNLOAD_FROM_CCS --define=DebugP_ASSERT_ENABLED --define=_LITTLE_ENDIAN --define=OBJDET_NO_RANGE --define=GTRACK_3D --define=APP_RESOURCE_FILE='<'mmw_res.h'>' -g --diag_warning=225 --diag_wrap=off --display_error_number --gen_func_subsections=on --enum_type=int --abi=eabi --obj_extension=.oer4f --preproc_with_compile --preproc_dependency="objdetrangehwa.d_raw" --cmd_file="configPkg/compiler.opt"  "../objdetrangehwa.c"
Finished building: "../objdetrangehwa.c"
 
Building file: "../tracker_utils.c"
Invoking: Arm Compiler
"D:/AppGallery/subject/ccs/ccs/tools/compiler/ti-cgt-arm_20.2.7.LTS/bin/armcl" -mv7R4 --code_state=16 --float_support=VFPv3D16 -me -O3 --include_path="E:/embedded/ccs_project/work3/long_range_people_det_6843_mss" --include_path="D:/AppGallery/subject/MMWAVE-SDK/mmwave_sdk_03_06_02_00-LTS/packages" --include_path="D:/AppGallery/subject/ccs/radar_toolbox_4_00_00_05/source/ti/custom_sdk_files/sdk3" --include_path="D:/AppGallery/subject/ccs/radar_toolbox_4_00_00_05" --include_path="D:/AppGallery/subject/ccs/ccs/tools/compiler/ti-cgt-arm_20.2.7.LTS/include" --define=SOC_XWR68XX --define=SUBSYS_MSS --define=USE_TRACPROC_OVERHEAD_DPU --define=MMWAVE_L3RAM_NUM_BANK=6 --define=MMWAVE_SHMEM_TCMA_NUM_BANK=0 --define=MMWAVE_SHMEM_TCMB_NUM_BANK=0 --define=MMWAVE_SHMEM_BANK_SIZE=0x20000 --define=MMWAVE_L3_CODEMEM_SIZE=0x100 --define=DOWNLOAD_FROM_CCS --define=DebugP_ASSERT_ENABLED --define=_LITTLE_ENDIAN --define=OBJDET_NO_RANGE --define=GTRACK_3D --define=APP_RESOURCE_FILE='<'mmw_res.h'>' -g --diag_warning=225 --diag_wrap=off --display_error_number --gen_func_subsections=on --enum_type=int --abi=eabi --obj_extension=.oer4f --preproc_with_compile --preproc_dependency="tracker_utils.d_raw" --cmd_file="configPkg/compiler.opt"  "../tracker_utils.c"
Finished building: "../tracker_utils.c"
 
Building file: "../mss_main.c"
Invoking: Arm Compiler
"D:/AppGallery/subject/ccs/ccs/tools/compiler/ti-cgt-arm_20.2.7.LTS/bin/armcl" -mv7R4 --code_state=16 --float_support=VFPv3D16 -me -O3 --include_path="E:/embedded/ccs_project/work3/long_range_people_det_6843_mss" --include_path="D:/AppGallery/subject/MMWAVE-SDK/mmwave_sdk_03_06_02_00-LTS/packages" --include_path="D:/AppGallery/subject/ccs/radar_toolbox_4_00_00_05/source/ti/custom_sdk_files/sdk3" --include_path="D:/AppGallery/subject/ccs/radar_toolbox_4_00_00_05" --include_path="D:/AppGallery/subject/ccs/ccs/tools/compiler/ti-cgt-arm_20.2.7.LTS/include" --define=SOC_XWR68XX --define=SUBSYS_MSS --define=USE_TRACPROC_OVERHEAD_DPU --define=MMWAVE_L3RAM_NUM_BANK=6 --define=MMWAVE_SHMEM_TCMA_NUM_BANK=0 --define=MMWAVE_SHMEM_TCMB_NUM_BANK=0 --define=MMWAVE_SHMEM_BANK_SIZE=0x20000 --define=MMWAVE_L3_CODEMEM_SIZE=0x100 --define=DOWNLOAD_FROM_CCS --define=DebugP_ASSERT_ENABLED --define=_LITTLE_ENDIAN --define=OBJDET_NO_RANGE --define=GTRACK_3D --define=APP_RESOURCE_FILE='<'mmw_res.h'>' -g --diag_warning=225 --diag_wrap=off --display_error_number --gen_func_subsections=on --enum_type=int --abi=eabi --obj_extension=.oer4f --preproc_with_compile --preproc_dependency="mss_main.d_raw" --cmd_file="configPkg/compiler.opt"  "../mss_main.c"
Finished building: "../mss_main.c"
 
Building target: "long_range_people_det_6843_mss.xer4f"
Invoking: Arm Linker
"D:/AppGallery/subject/ccs/ccs/tools/compiler/ti-cgt-arm_20.2.7.LTS/bin/armcl" -mv7R4 --code_state=16 --float_support=VFPv3D16 -me -O3 --define=SOC_XWR68XX --define=SUBSYS_MSS --define=USE_TRACPROC_OVERHEAD_DPU --define=MMWAVE_L3RAM_NUM_BANK=6 --define=MMWAVE_SHMEM_TCMA_NUM_BANK=0 --define=MMWAVE_SHMEM_TCMB_NUM_BANK=0 --define=MMWAVE_SHMEM_BANK_SIZE=0x20000 --define=MMWAVE_L3_CODEMEM_SIZE=0x100 --define=DOWNLOAD_FROM_CCS --define=DebugP_ASSERT_ENABLED --define=_LITTLE_ENDIAN --define=OBJDET_NO_RANGE --define=GTRACK_3D --define=APP_RESOURCE_FILE='<'mmw_res.h'>' -g --diag_warning=225 --diag_wrap=off --display_error_number --gen_func_subsections=on --enum_type=int --abi=eabi --obj_extension=.oer4f -z -m"long_range_people_det_6843_mss.map" --heap_size=0x800 --stack_size=0x800 -i"D:/AppGallery/subject/ccs/ccs/tools/compiler/ti-cgt-arm_20.2.7.LTS/lib" -i"E:/embedded/ccs_project/work3/long_range_people_det_6843_mss" -i"D:/AppGallery/subject/MMWAVE-SDK/mmwave_sdk_03_06_02_00-LTS/packages/ti/control/mmwave/lib" -i"D:/AppGallery/subject/MMWAVE-SDK/mmwave_sdk_03_06_02_00-LTS/packages/ti/control/mmwavelink/lib" -i"D:/AppGallery/subject/MMWAVE-SDK/mmwave_sdk_03_06_02_00-LTS/packages/ti/control/dpm/lib" -i"D:/AppGallery/subject/MMWAVE-SDK/mmwave_sdk_03_06_02_00-LTS/packages/ti/drivers/adcbuf/lib" -i"D:/AppGallery/subject/MMWAVE-SDK/mmwave_sdk_03_06_02_00-LTS/packages/ti/drivers/crc/lib" -i"D:/AppGallery/subject/MMWAVE-SDK/mmwave_sdk_03_06_02_00-LTS/packages/ti/drivers/dma/lib" -i"D:/AppGallery/subject/MMWAVE-SDK/mmwave_sdk_03_06_02_00-LTS/packages/ti/drivers/edma/lib" -i"D:/AppGallery/subject/MMWAVE-SDK/mmwave_sdk_03_06_02_00-LTS/packages/ti/drivers/esm/lib" -i"D:/AppGallery/subject/MMWAVE-SDK/mmwave_sdk_03_06_02_00-LTS/packages/ti/drivers/gpio/lib" -i"D:/AppGallery/subject/MMWAVE-SDK/mmwave_sdk_03_06_02_00-LTS/packages/ti/drivers/hwa/lib" -i"D:/AppGallery/subject/MMWAVE-SDK/mmwave_sdk_03_06_02_00-LTS/packages/ti/drivers/mailbox/lib" -i"D:/AppGallery/subject/MMWAVE-SDK/mmwave_sdk_03_06_02_00-LTS/packages/ti/drivers/osal/lib" -i"D:/AppGallery/subject/MMWAVE-SDK/mmwave_sdk_03_06_02_00-LTS/packages/ti/drivers/pinmux/lib" -i"D:/AppGallery/subject/MMWAVE-SDK/mmwave_sdk_03_06_02_00-LTS/packages/ti/drivers/soc/lib" -i"D:/AppGallery/subject/MMWAVE-SDK/mmwave_sdk_03_06_02_00-LTS/packages/ti/drivers/uart/lib" -i"D:/AppGallery/subject/MMWAVE-SDK/mmwave_sdk_03_06_02_00-LTS/packages/ti/utils/cli/lib" -i"D:/AppGallery/subject/MMWAVE-SDK/mmwave_sdk_03_06_02_00-LTS/packages/ti/utils/mathutils/lib" -i"D:/AppGallery/subject/MMWAVE-SDK/mmwave_sdk_03_06_02_00-LTS/packages/ti/datapath/dpu/rangeproc/lib" -i"D:/AppGallery/subject/MMWAVE-SDK/mmwave_sdk_03_06_02_00-LTS/packages/ti/datapath/dpedma/lib" -i"D:/AppGallery/subject/MMWAVE-SDK/mmwave_sdk_03_06_02_00-LTS/packages/ti/drivers/cbuff/lib" -i"D:/AppGallery/subject/MMWAVE-SDK/mmwave_sdk_03_06_02_00-LTS/packages/ti/utils/hsiheader/lib" -i"D:/AppGallery/subject/MMWAVE-SDK/mmwave_sdk_03_06_02_00-LTS/packages/ti/alg/gtrack/lib" -i"D:/AppGallery/subject/ccs/radar_toolbox_4_00_00_05/source/ti/custom_sdk_files/sdk3/dpu/trackerproc_overhead/lib" -i"D:/AppGallery/subject/ccs/ccs/tools/compiler/ti-cgt-arm_20.2.7.LTS/include" --reread_libs --disable_auto_rts --define=MMWAVE_L3RAM_NUM_BANK=6 --define=MMWAVE_SHMEM_TCMA_NUM_BANK=0 --define=MMWAVE_SHMEM_TCMB_NUM_BANK=0 --define=MMWAVE_SHMEM_BANK_SIZE=0x20000 --define=MMWAVE_L3_CODEMEM_SIZE=0x100 --diag_error=10015 --diag_warning=225 --diag_wrap=off --display_error_number --warn_sections --xml_link_info="xwr6843_mmw_demo_mss_linkInfo.xml" --rom_model --unused_section_elimination=on -o "long_range_people_det_6843_mss.xer4f" "./mmw_cli.oer4f" "./mmw_lvds_stream.oer4f" "./mmwdemo_adcconfig.oer4f" "./mmwdemo_monitor.oer4f" "./mmwdemo_rfparser.oer4f" "./mss_main.oer4f" "./objdetrangehwa.oer4f" "./tracker_utils.oer4f" "../mmw_mss_linker.cmd" "../r4f_linker.cmd" -l"configPkg/linker.cmd"  -llibosal_xwr68xx.aer4f -llibesm_xwr68xx.aer4f -llibgpio_xwr68xx.aer4f -llibsoc_xwr68xx.aer4f -llibpinmux_xwr68xx.aer4f -llibcrc_xwr68xx.aer4f -llibuart_xwr68xx.aer4f -llibmailbox_xwr68xx.aer4f -llibmmwavelink_xwr68xx.aer4f -llibmmwave_xwr68xx.aer4f -llibadcbuf_xwr68xx.aer4f -llibdma_xwr68xx.aer4f -llibedma_xwr68xx.aer4f -llibcli_xwr68xx.aer4f -llibhwa_xwr68xx.aer4f -llibdpm_xwr68xx.aer4f -llibmathutils.aer4f -llibcbuff_xwr68xx.aer4f -llibhsiheader_xwr68xx.aer4f -llibrangeproc_hwa_xwr68xx.aer4f -llibdpedma_hwa_xwr68xx.aer4f -llibgtrack3D.aer4f -llibtrackerproc_xwr68xx.aer4f -lrtsv7R4_T_le_v3D16_eabi.lib -llibc.a 
<Linking>
Finished building target: "long_range_people_det_6843_mss.xer4f"
 
D:/AppGallery/subject/MMWAVE-SDK/mmwave_sdk_03_06_02_00-LTS/packages/scripts/ImageCreator/out2rprc/out2rprc.exe long_range_people_det_6843_mss.xer4f long_range_people_det_6843_mss.tmp
Parsing the input object file, long_range_people_det_6843_mss.xer4f.
Appending zeros 0
Appending zeros 256
Appending zeros 152616
File conversion complete!
D:/AppGallery/subject/MMWAVE-SDK/mmwave_sdk_03_06_02_00-LTS/packages/scripts/ImageCreator/multicore_image_generator/MulticoreImageGen.exe LE 37 0x00000006 long_range_people_det_6843_demo.bin 0x35510000 long_range_people_det_6843_mss.tmp 0xb5510000 D:/AppGallery/subject/MMWAVE-SDK/mmwave_sdk_03_06_02_00-LTS/firmware/radarss/xwr6xxx_radarss_rprc.bin 0xd5510000 E:/embedded/ccs_project/work3/long_range_people_det_6843_dss/Debug/long_range_people_det_6843_dss.bin
Number of Input Files 3
Number of zeros 32
Number of zeros 8
Number of zeros 56
 
D:/AppGallery/subject/MMWAVE-SDK/mmwave_sdk_03_06_02_00-LTS/packages/scripts/ImageCreator/crc_multicore_image/crc_multicore_image.exe long_range_people_det_6843_demo.bin long_range_people_det_6843_demo.tmp
size of App Image is 568960 bytes
cur_crc_read_addr 128
cur_crc_read_addr 163008
cur_crc_read_addr 410432
Failed to remove CRC temp file
 
D:/AppGallery/subject/MMWAVE-SDK/mmwave_sdk_03_06_02_00-LTS/packages/scripts/ImageCreator/append_bin_crc/gen_bincrc32.exe long_range_people_det_6843_demo.bin
>>>> Binary CRC32 = fd775d07 <<<<
>>>> Total bytes in binary file 568964 <<<<
 
 

**** Build Finished ****
