
**** Build of configuration Debug for project long_range_people_det_6843_dss ****

"D:\\AppGallery\\subject\\ccs\\ccs\\utils\\bin\\gmake" -k -j 16 all -O 
 
Building file: "../mmw_dss.cfg"
Invoking: XDCtools
"D:/AppGallery/subject/MMWAVE-SDK/xdctools_3_50_08_24_core/xs" --xdcpath="D:/AppGallery/subject/MMWAVE-SDK/bios_6_73_01_01/packages;" xdc.tools.configuro -o configPkg -t ti.targets.elf.C674 -p ti.platforms.c6x:IWR68XX:false:600 -r release -c "D:/AppGallery/subject/ccs/ccs/tools/compiler/ti-cgt-c6000_8.3.12" --compileOptions "--enum_type=int " "../mmw_dss.cfg"
making package.mak (because of package.bld) ...
generating interfaces for package configPkg (because package/package.xdc.inc is older than package.xdc) ...
configuring mmw_dss.xe674 from package/cfg/mmw_dss_pe674.cfg ...
generating custom ti.sysbios library makefile ... 
Starting build of library sources ...
making E:/embedded/ccs_project/work3/long_range_people_det_6843_dss/src/sysbios/sysbios.ae674 ...
gmake[1]: Entering directory `E:/embedded/ccs_project/work3/long_range_people_det_6843_dss/src/sysbios'
gmake[1]: Nothing to be done for `all'.
gmake[1]: Leaving directory `E:/embedded/ccs_project/work3/long_range_people_det_6843_dss/src/sysbios'
Build of libraries done.
cle674 package/cfg/mmw_dss_pe674.c ...
Finished building: "../mmw_dss.cfg"
 
Building file: "../dss_main.c"
Invoking: C6000 Compiler
"D:/AppGallery/subject/ccs/ccs/tools/compiler/ti-cgt-c6000_8.3.12/bin/cl6x" -mv6740 --abi=eabi -O3 --opt_for_speed=3 --include_path="D:/AppGallery/subject/MMWAVE-SDK/dsplib_c64Px_3_4_0_0/packages/ti/dsplib/lib" --include_path="D:/AppGallery/subject/MMWAVE-SDK/mathlib_c674x_3_1_2_1/packages/ti/mathlib/lib" --include_path="E:/embedded/ccs_project/work3/long_range_people_det_6843_dss" --include_path="D:/AppGallery/subject/MMWAVE-SDK/mmwave_sdk_03_06_02_00-LTS/packages" --include_path="D:/AppGallery/subject/MMWAVE-SDK/dsplib_c64Px_3_4_0_0/packages" --include_path="D:/AppGallery/subject/MMWAVE-SDK/mathlib_c674x_3_1_2_1/packages" --include_path="D:/AppGallery/subject/ccs/radar_toolbox_4_00_00_05/source/ti/custom_sdk_files/sdk3" --include_path="D:/AppGallery/subject/ccs/radar_toolbox_4_00_00_05" --include_path="D:/AppGallery/subject/ccs/ccs/tools/compiler/ti-cgt-c6000_8.3.12/include" --define=SOC_XWR68XX --define=SUBSYS_DSS --define=MMWAVE_L3RAM_NUM_BANK=6 --define=MMWAVE_SHMEM_TCMA_NUM_BANK=0 --define=MMWAVE_SHMEM_TCMB_NUM_BANK=0 --define=MMWAVE_SHMEM_BANK_SIZE=0x20000 --define=MMWAVE_L3_CODEMEM_SIZE=0x100 --define=DOWNLOAD_FROM_CCS --define=DebugP_ASSERT_ENABLED --define=_LITTLE_ENDIAN --define=OBJDET_NO_RANGE --define=GTRACK_3D --define=USE_TRACPROC_OVERHEAD_DPU --define=APP_RESOURCE_FILE='<'mmw_res.h'>' -g --gcc --diag_error=10015 --diag_warning=225 --diag_wrap=off --display_error_number --gen_func_subsections=on --obj_extension=.oe674 --preproc_with_compile --preproc_dependency="dss_main.d_raw" --cmd_file="configPkg/compiler.opt"  "../dss_main.c"
Finished building: "../dss_main.c"
 
Building file: "../objectdetection.c"
Invoking: C6000 Compiler
"D:/AppGallery/subject/ccs/ccs/tools/compiler/ti-cgt-c6000_8.3.12/bin/cl6x" -mv6740 --abi=eabi -O3 --opt_for_speed=3 --include_path="D:/AppGallery/subject/MMWAVE-SDK/dsplib_c64Px_3_4_0_0/packages/ti/dsplib/lib" --include_path="D:/AppGallery/subject/MMWAVE-SDK/mathlib_c674x_3_1_2_1/packages/ti/mathlib/lib" --include_path="E:/embedded/ccs_project/work3/long_range_people_det_6843_dss" --include_path="D:/AppGallery/subject/MMWAVE-SDK/mmwave_sdk_03_06_02_00-LTS/packages" --include_path="D:/AppGallery/subject/MMWAVE-SDK/dsplib_c64Px_3_4_0_0/packages" --include_path="D:/AppGallery/subject/MMWAVE-SDK/mathlib_c674x_3_1_2_1/packages" --include_path="D:/AppGallery/subject/ccs/radar_toolbox_4_00_00_05/source/ti/custom_sdk_files/sdk3" --include_path="D:/AppGallery/subject/ccs/radar_toolbox_4_00_00_05" --include_path="D:/AppGallery/subject/ccs/ccs/tools/compiler/ti-cgt-c6000_8.3.12/include" --define=SOC_XWR68XX --define=SUBSYS_DSS --define=MMWAVE_L3RAM_NUM_BANK=6 --define=MMWAVE_SHMEM_TCMA_NUM_BANK=0 --define=MMWAVE_SHMEM_TCMB_NUM_BANK=0 --define=MMWAVE_SHMEM_BANK_SIZE=0x20000 --define=MMWAVE_L3_CODEMEM_SIZE=0x100 --define=DOWNLOAD_FROM_CCS --define=DebugP_ASSERT_ENABLED --define=_LITTLE_ENDIAN --define=OBJDET_NO_RANGE --define=GTRACK_3D --define=USE_TRACPROC_OVERHEAD_DPU --define=APP_RESOURCE_FILE='<'mmw_res.h'>' -g --gcc --diag_error=10015 --diag_warning=225 --diag_wrap=off --display_error_number --gen_func_subsections=on --obj_extension=.oe674 --preproc_with_compile --preproc_dependency="objectdetection.d_raw" --cmd_file="configPkg/compiler.opt"  "../objectdetection.c"
Finished building: "../objectdetection.c"
 
Building target: "long_range_people_det_6843_dss.xe674"
Invoking: C6000 Linker
"D:/AppGallery/subject/ccs/ccs/tools/compiler/ti-cgt-c6000_8.3.12/bin/cl6x" -mv6740 --abi=eabi -O3 --opt_for_speed=3 --define=SOC_XWR68XX --define=SUBSYS_DSS --define=MMWAVE_L3RAM_NUM_BANK=6 --define=MMWAVE_SHMEM_TCMA_NUM_BANK=0 --define=MMWAVE_SHMEM_TCMB_NUM_BANK=0 --define=MMWAVE_SHMEM_BANK_SIZE=0x20000 --define=MMWAVE_L3_CODEMEM_SIZE=0x100 --define=DOWNLOAD_FROM_CCS --define=DebugP_ASSERT_ENABLED --define=_LITTLE_ENDIAN --define=OBJDET_NO_RANGE --define=GTRACK_3D --define=USE_TRACPROC_OVERHEAD_DPU --define=APP_RESOURCE_FILE='<'mmw_res.h'>' -g --gcc --diag_error=10015 --diag_warning=225 --diag_wrap=off --display_error_number --gen_func_subsections=on --obj_extension=.oe674 -z -m"long_range_people_det_6843_dss.map" --heap_size=0x800 --stack_size=0x800 -i"D:/AppGallery/subject/ccs/ccs/tools/compiler/ti-cgt-c6000_8.3.12/lib" -i"E:/embedded/ccs_project/work3/long_range_people_det_6843_dss" -i"D:/AppGallery/subject/MMWAVE-SDK/mmwave_sdk_03_06_02_00-LTS/packages/ti/control/mmwave/lib" -i"D:/AppGallery/subject/MMWAVE-SDK/mmwave_sdk_03_06_02_00-LTS/packages/ti/control/mmwavelink/lib" -i"D:/AppGallery/subject/MMWAVE-SDK/mmwave_sdk_03_06_02_00-LTS/packages/ti/control/dpm/lib" -i"D:/AppGallery/subject/MMWAVE-SDK/mmwave_sdk_03_06_02_00-LTS/packages/ti/alg/mmwavelib/lib" -i"D:/AppGallery/subject/MMWAVE-SDK/mmwave_sdk_03_06_02_00-LTS/packages/ti/drivers/crc/lib" -i"D:/AppGallery/subject/MMWAVE-SDK/mmwave_sdk_03_06_02_00-LTS/packages/ti/drivers/soc/lib" -i"D:/AppGallery/subject/MMWAVE-SDK/mmwave_sdk_03_06_02_00-LTS/packages/ti/drivers/osal/lib" -i"D:/AppGallery/subject/MMWAVE-SDK/mmwave_sdk_03_06_02_00-LTS/packages/ti/drivers/mailbox/lib" -i"D:/AppGallery/subject/MMWAVE-SDK/mmwave_sdk_03_06_02_00-LTS/packages/ti/drivers/edma/lib" -i"D:/AppGallery/subject/MMWAVE-SDK/mmwave_sdk_03_06_02_00-LTS/packages/ti/drivers/adcbuf/lib" -i"D:/AppGallery/subject/MMWAVE-SDK/mmwave_sdk_03_06_02_00-LTS/packages/ti/drivers/cbuff/lib" -i"D:/AppGallery/subject/MMWAVE-SDK/mmwave_sdk_03_06_02_00-LTS/packages/ti/utils/hsiheader/lib" -i"D:/AppGallery/subject/MMWAVE-SDK/mmwave_sdk_03_06_02_00-LTS/packages/ti/utils/mathutils/lib" -i"D:/AppGallery/subject/MMWAVE-SDK/mmwave_sdk_03_06_02_00-LTS/packages/ti/datapath/dpc/dpu/dopplerproc/lib" -i"D:/AppGallery/subject/MMWAVE-SDK/mmwave_sdk_03_06_02_00-LTS/packages/ti/datapath/dpc/dpu/cfarcaproc/lib" -i"D:/AppGallery/subject/MMWAVE-SDK/mmwave_sdk_03_06_02_00-LTS/packages/ti/datapath/dpedma/lib" -i"D:/AppGallery/subject/MMWAVE-SDK/dsplib_c64Px_3_4_0_0/packages/ti/dsplib/lib" -i"D:/AppGallery/subject/MMWAVE-SDK/mathlib_c674x_3_1_2_1/packages/ti/mathlib/lib" -i"D:/AppGallery/subject/MMWAVE-SDK/mmwave_sdk_03_06_02_00-LTS/packages/ti/alg/gtrack/lib" -i"D:/AppGallery/subject/ccs/radar_toolbox_4_00_00_05/source/ti/custom_sdk_files/sdk3/dpu/trackerproc_overhead/lib" -i"D:/AppGallery/subject/ccs/radar_toolbox_4_00_00_05/source/ti/custom_sdk_files/sdk3/dpu/aoaproc/lib" -i"D:/AppGallery/subject/ccs/ccs/tools/compiler/ti-cgt-c6000_8.3.12/include" --reread_libs --disable_auto_rts --define=MMWAVE_L3RAM_NUM_BANK=6 --define=MMWAVE_SHMEM_TCMA_NUM_BANK=0 --define=MMWAVE_SHMEM_TCMB_NUM_BANK=0 --define=MMWAVE_SHMEM_BANK_SIZE=0x20000 --define=MMWAVE_L3_CODEMEM_SIZE=0x100 --diag_error=10015 --diag_warning=225 --diag_wrap=off --display_error_number --warn_sections --xml_link_info="xwr68xx_mmw_demo_dss_linkInfo.xml" --ram_model --unused_section_elimination=on -o "long_range_people_det_6843_dss.xe674" "./dss_main.oe674" "./objectdetection.oe674" "../c674x_linker.cmd" "../mmw_dss_linker.cmd" -l"configPkg/linker.cmd"  -ldsplib.ae64P -lmathlib.ae674 -llibmathutils.ae674 -llibsoc_xwr68xx.ae674 -llibosal_xwr68xx.ae674 -llibcrc_xwr68xx.ae674 -llibmailbox_xwr68xx.ae674 -llibmmwavelink_xwr68xx.ae674 -llibmmwave_xwr68xx.ae674 -llibedma_xwr68xx.ae674 -llibadcbuf_xwr68xx.ae674 -llibmmwavealg_xwr68xx.ae674 -llibcbuff_xwr68xx.ae674 -llibhsiheader_xwr68xx.ae674 -llibcfarcaproc_dsp_xwr68xx.ae674 -llibdopplerproc_dsp_xwr68xx.ae674 -llibaoaproc_dsp_xwr68xx.ae674 -llibdpm_xwr68xx.ae674 -llibdpedma_hwa_xwr68xx.ae674 -llibgtrack3D.ae674 -llibtrackerproc_xwr68xx.ae674 -lrts6740_elf.lib -llibc.a 
<Linking>
"../mmw_dss_linker.cmd", line 16: warning #19014-D: undefined preprocessor symbol 'TRACKERDPU_ON_DSP'
Finished building target: "long_range_people_det_6843_dss.xe674"
 
D:/AppGallery/subject/MMWAVE-SDK/mmwave_sdk_03_06_02_00-LTS/packages/scripts/ImageCreator/out2rprc/out2rprc.exe long_range_people_det_6843_dss.xe674 long_range_people_det_6843_dss.bin
Parsing the input object file, long_range_people_det_6843_dss.xe674.
Appending zeros 8500752
Appending zeros 8504952
Appending zeros 8505148
File conversion complete!
 

**** Build Finished ****
